01/10 18:11:32  INFO            mk_cxt::setup::log_helper.70:  PROGRAM START
01/10 18:11:32  INFO            mk_cxt::setup::log_helper.71:  
01/10 18:11:32  INFO            mk_cxt::setup::log_helper.72:  ************************************
01/10 18:11:32  INFO            mk_cxt::setup::log_helper.73:  
01/10 18:11:32  INFO            mk_cxt::setup::log_helper.74:  log_folder: home/steve/Data/MDR source data/cxt/logs
01/10 18:11:32  INFO            mk_cxt::setup::log_helper.75:  importing organisation data: false
01/10 18:11:32  INFO            mk_cxt::setup::log_helper.76:  importing location data: true
01/10 18:11:32  INFO            mk_cxt::setup::log_helper.77:  importing UMLS data: false
01/10 18:11:32  INFO            mk_cxt::setup::log_helper.78:  
01/10 18:11:32  INFO            mk_cxt::setup::log_helper.79:  ************************************
01/10 18:11:32  INFO            mk_cxt::setup::log_helper.80:  
01/10 18:11:32  INFO   sqlx_postgres::connection::stream.185:  extension "postgres_fdw" already exists, skipping
01/10 18:11:32  INFO   sqlx_postgres::connection::stream.185:  schema "ftw_geo" does not exist, skipping
01/10 18:11:32  INFO              mk_cxt::locs::countries.48:  13825 country name records transferred to locs schema
01/10 18:11:33  INFO                 mk_cxt::locs::cities.39:  151019 city name records transferred to locs schema
01/10 18:11:33  INFO                mk_cxt::locs::scopes.230:  316 geographical scope records created
01/10 18:11:33  INFO                mk_cxt::locs::scopes.236:  1086 geographical scope membership records created
01/10 18:11:33  INFO   sqlx_postgres::connection::stream.185:  table "lang_codes_full" does not exist, skipping
01/10 18:11:33  INFO                         mk_cxt::locs.84:  8110 language code records transferred to lups schema
01/10 18:11:33  INFO   sqlx_postgres::connection::stream.185:  drop cascades to 6 other objects
